# JRE version: 7.0_09-b05
# Java VM: Java HotSpot(TM) Client VM (23.5-b02 mixed mode windows-x86 )
Heap
 def new generation   total 4928K, used 2642K [0x03bc0000, 0x04110000, 0x09110000)
  eden space 4416K,  56% used [0x03bc0000, 0x03e2aee8, 0x04010000)
  from space 512K,  32% used [0x04010000, 0x04039980, 0x04090000)
  to   space 512K,   0% used [0x04090000, 0x04090000, 0x04110000)
 tenured generation   total 10944K, used 4181K [0x09110000, 0x09bc0000, 0x13bc0000)
   the space 10944K,  38% used [0x09110000, 0x09525690, 0x09525800, 0x09bc0000)
 compacting perm gen  total 12288K, used 7886K [0x13bc0000, 0x147c0000, 0x17bc0000)
   the space 12288K,  64% used [0x13bc0000, 0x14373b98, 0x14373c00, 0x147c0000)
GC Heap History (8 events):
Event: 1.763 GC heap before
{Heap before GC invocations=0 (full 0):
 def new generation   total 4928K, used 4416K [0x03bc0000, 0x04110000, 0x09110000)
  eden space 4416K, 100% used [0x03bc0000, 0x04010000, 0x04010000)
  from space 512K,   0% used [0x04010000, 0x04010000, 0x04090000)
  to   space 512K,   0% used [0x04090000, 0x04090000, 0x04110000)
 tenured generation   total 10944K, used 0K [0x09110000, 0x09bc0000, 0x13bc0000)
   the space 10944K,   0% used [0x09110000, 0x09110000, 0x09110200, 0x09bc0000)
 compacting perm gen  total 12288K, used 6784K [0x13bc0000, 0x147c0000, 0x17bc0000)
   the space 12288K,  55% used [0x13bc0000, 0x14260088, 0x14260200, 0x147c0000)
No shared spaces configured.
Event: 1.769 GC heap after
Heap after GC invocations=1 (full 0):
 def new generation   total 4928K, used 512K [0x03bc0000, 0x04110000, 0x09110000)
  eden space 4416K,   0% used [0x03bc0000, 0x03bc0000, 0x04010000)
  from space 512K, 100% used [0x04090000, 0x04110000, 0x04110000)
  to   space 512K,   0% used [0x04010000, 0x04010000, 0x04090000)
 tenured generation   total 10944K, used 1444K [0x09110000, 0x09bc0000, 0x13bc0000)
   the space 10944K,  13% used [0x09110000, 0x092790b8, 0x09279200, 0x09bc0000)
 compacting perm gen  total 12288K, used 6784K [0x13bc0000, 0x147c0000, 0x17bc0000)
   the space 12288K,  55% used [0x13bc0000, 0x14260088, 0x14260200, 0x147c0000)
No shared spaces configured.
}
Event: 1.824 GC heap before
{Heap before GC invocations=1 (full 0):
 def new generation   total 4928K, used 4928K [0x03bc0000, 0x04110000, 0x09110000)
  eden space 4416K, 100% used [0x03bc0000, 0x04010000, 0x04010000)
  from space 512K, 100% used [0x04090000, 0x04110000, 0x04110000)
  to   space 512K,   0% used [0x04010000, 0x04010000, 0x04090000)
 tenured generation   total 10944K, used 1444K [0x09110000, 0x09bc0000, 0x13bc0000)
   the space 10944K,  13% used [0x09110000, 0x092790b8, 0x09279200, 0x09bc0000)
 compacting perm gen  total 12288K, used 7679K [0x13bc0000, 0x147c0000, 0x17bc0000)
   the space 12288K,  62% used [0x13bc0000, 0x1433fea8, 0x14340000, 0x147c0000)
No shared spaces configured.
Event: 1.829 GC heap after
Heap after GC invocations=2 (full 0):
 def new generation   total 4928K, used 236K [0x03bc0000, 0x04110000, 0x09110000)
  eden space 4416K,   0% used [0x03bc0000, 0x03bc0000, 0x04010000)
  from space 512K,  46% used [0x04010000, 0x0404b388, 0x04090000)
  to   space 512K,   0% used [0x04090000, 0x04090000, 0x04110000)
 tenured generation   total 10944K, used 1956K [0x09110000, 0x09bc0000, 0x13bc0000)
   the space 10944K,  17% used [0x09110000, 0x092f9010, 0x092f9200, 0x09bc0000)
 compacting perm gen  total 12288K, used 7679K [0x13bc0000, 0x147c0000, 0x17bc0000)
   the space 12288K,  62% used [0x13bc0000, 0x1433fea8, 0x14340000, 0x147c0000)
No shared spaces configured.
}
Event: 1.925 GC heap before
{Heap before GC invocations=2 (full 0):
 def new generation   total 4928K, used 4652K [0x03bc0000, 0x04110000, 0x09110000)
  eden space 4416K, 100% used [0x03bc0000, 0x04010000, 0x04010000)
  from space 512K,  46% used [0x04010000, 0x0404b388, 0x04090000)
  to   space 512K,   0% used [0x04090000, 0x04090000, 0x04110000)
 tenured generation   total 10944K, used 1956K [0x09110000, 0x09bc0000, 0x13bc0000)
   the space 10944K,  17% used [0x09110000, 0x092f9010, 0x092f9200, 0x09bc0000)
 compacting perm gen  total 12288K, used 7712K [0x13bc0000, 0x147c0000, 0x17bc0000)
   the space 12288K,  62% used [0x13bc0000, 0x14348360, 0x14348400, 0x147c0000)
No shared spaces configured.
Event: 1.929 GC heap after
Heap after GC invocations=3 (full 0):
 def new generation   total 4928K, used 275K [0x03bc0000, 0x04110000, 0x09110000)
  eden space 4416K,   0% used [0x03bc0000, 0x03bc0000, 0x04010000)
  from space 512K,  53% used [0x04090000, 0x040d4cf0, 0x04110000)
  to   space 512K,   0% used [0x04010000, 0x04010000, 0x04090000)
 tenured generation   total 10944K, used 1956K [0x09110000, 0x09bc0000, 0x13bc0000)
   the space 10944K,  17% used [0x09110000, 0x092f9010, 0x092f9200, 0x09bc0000)
 compacting perm gen  total 12288K, used 7712K [0x13bc0000, 0x147c0000, 0x17bc0000)
   the space 12288K,  62% used [0x13bc0000, 0x14348360, 0x14348400, 0x147c0000)
No shared spaces configured.
}
Event: 2.236 GC heap before
{Heap before GC invocations=3 (full 0):
 def new generation   total 4928K, used 4691K [0x03bc0000, 0x04110000, 0x09110000)
  eden space 4416K, 100% used [0x03bc0000, 0x04010000, 0x04010000)
  from space 512K,  53% used [0x04090000, 0x040d4cf0, 0x04110000)
  to   space 512K,   0% used [0x04010000, 0x04010000, 0x04090000)
 tenured generation   total 10944K, used 1956K [0x09110000, 0x09bc0000, 0x13bc0000)
   the space 10944K,  17% used [0x09110000, 0x092f9010, 0x092f9200, 0x09bc0000)
 compacting perm gen  total 12288K, used 7858K [0x13bc0000, 0x147c0000, 0x17bc0000)
   the space 12288K,  63% used [0x13bc0000, 0x1436ca08, 0x1436cc00, 0x147c0000)
No shared spaces configured.
Event: 2.239 GC heap after
Heap after GC invocations=4 (full 0):
 def new generation   total 4928K, used 166K [0x03bc0000, 0x04110000, 0x09110000)
  eden space 4416K,   0% used [0x03bc0000, 0x03bc0000, 0x04010000)
  from space 512K,  32% used [0x04010000, 0x04039980, 0x04090000)
  to   space 512K,   0% used [0x04090000, 0x04090000, 0x04110000)
 tenured generation   total 10944K, used 4181K [0x09110000, 0x09bc0000, 0x13bc0000)
   the space 10944K,  38% used [0x09110000, 0x09525690, 0x09525800, 0x09bc0000)
 compacting perm gen  total 12288K, used 7858K [0x13bc0000, 0x147c0000, 0x17bc0000)
   the space 12288K,  63% used [0x13bc0000, 0x1436ca08, 0x1436cc00, 0x147c0000)
No shared spaces configured.
}

